Processing view_rp2350b (platform: https://github.com/maxgerhardt/platform-raspberrypi.git; board: rpipico2; framework: arduino)
--------------------------------------------------------------------------------
C:\Users\cocou\.platformio
\penv\Scripts\pio.exe : 
KeyError: Traceback (most 
recent call last):
At line:1 char:1
+ C:\Users\cocou\.platform
io\penv\Scripts\pio.exe 
run -c platformio_rp2 ...
+ ~~~~~~~~~~~~~~~~~~~~~~~~
~~~~~~~~~~~~~~~~~~~~~~~~~~
~~~~~~~~~~~~~~~~~~~
    + CategoryInfo        
      : NotSpecified: (K  
  eyError: Trace...ent    
 call last)::String) [    
], RemoteException
    + FullyQualifiedError 
   Id : NativeCommandErr  
  or
 
  File "C:\Users\cocou\.pl
atformio\penv\Lib\site-pac
kages\platformio\__main__.
py", line 103, in main
    cli()  # pylint: disab
le=no-value-for-parameter
    ~~~^^
  File "C:\Users\cocou\.pl
atformio\penv\Lib\site-pac
kages\click\core.py", 
line 1485, in __call__
    return 
self.main(*args, **kwargs)
           
~~~~~~~~~^^^^^^^^^^^^^^^^^
  File "C:\Users\cocou\.pl
atformio\penv\Lib\site-pac
kages\click\core.py", 
line 1406, in main
    rv = self.invoke(ctx)
  File "C:\Users\cocou\.pl
atformio\penv\Lib\site-pac
kages\platformio\cli.py", 
line 85, in invoke
    return 
super().invoke(ctx)
           
~~~~~~~~~~~~~~^^^^^
  File "C:\Users\cocou\.pl
atformio\penv\Lib\site-pac
kages\click\core.py", 
line 1873, in invoke
    return _process_result
(sub_ctx.command.invoke(su
b_ctx))
                          
 ~~~~~~~~~~~~~~~~~~~~~~^^^
^^^^^^
  File "C:\Users\cocou\.pl
atformio\penv\Lib\site-pac
kages\click\core.py", 
line 1269, in invoke
    return 
ctx.invoke(self.callback, 
**ctx.params)
           ~~~~~~~~~~^^^^^
^^^^^^^^^^^^^^^^^^^^^^^^
  File "C:\Users\cocou\.pl
atformio\penv\Lib\site-pac
kages\click\core.py", 
line 824, in invoke
    return 
callback(*args, **kwargs)
  File "C:\Users\cocou\.pl
atformio\penv\Lib\site-pac
kages\click\decorators.py"
, line 34, in new_func
    return 
f(get_current_context(), 
*args, **kwargs)
  File "C:\Users\cocou\.pl
atformio\penv\Lib\site-pac
kages\platformio\run\cli.p
y", line 147, in cli
    process_env(
    ~~~~~~~~~~~^
        ctx,
        ^^^^
    ...<9 lines>...
        verbose,
        ^^^^^^^^
    )
    ^
  File "C:\Users\cocou\.pl
atformio\penv\Lib\site-pac
kages\platformio\run\cli.p
y", line 210, in 
process_env
    ).process()
      ~~~~~~~^^
  File "C:\Users\cocou\.pl
atformio\penv\Lib\site-pac
kages\platformio\run\proce
ssor.py", line 81, in 
process
    install_project_env_de
pendencies(
    ~~~~~~~~~~~~~~~~~~~~~~
~~~~~~~~~~^
        self.name,
        ^^^^^^^^^^
    ...<3 lines>...
        },
        ^^
    )
    ^
  File "C:\Users\cocou\.pl
atformio\penv\Lib\site-pac
kages\platformio\package\c
ommands\install.py", line 
132, in install_project_en
v_dependencies
    _install_project_env_p
latform(project_env, 
options),
    ~~~~~~~~~~~~~~~~~~~~~~
~~~~~~~^^^^^^^^^^^^^^^^^^^
^^^
  File "C:\Users\cocou\.pl
atformio\penv\Lib\site-pac
kages\platformio\package\c
ommands\install.py", line 
149, in _install_project_e
nv_platform
    PlatformPackageManager
().install(
    ~~~~~~~~~~~~~~~~~~~~~~
~~~~~~~~~~^
        spec,
        ^^^^^
    ...<3 lines>...
        force=options.get(
"force"),
        ^^^^^^^^^^^^^^^^^^
^^^^^^^^^
    )
    ^
  File "C:\Users\cocou\.pl
atformio\penv\Lib\site-pac
kages\platformio\package\m
anager\platform.py", line 
60, in install
    p.configure_project_pa
ckages(project_env, 
project_targets)
    ~~~~~~~~~~~~~~~~~~~~~~
~~~~~~^^^^^^^^^^^^^^^^^^^^
^^^^^^^^^^
  File "C:\Users\cocou\.pl
atformio\penv\Lib\site-pac
kages\platformio\platform\
base.py", line 185, in 
configure_project_packages
    self.configure_default
_packages(options, 
targets or [])
    ~~~~~~~~~~~~~~~~~~~~~~
~~~~~~~~~^^^^^^^^^^^^^^^^^
^^^^^^^
  File "C:\Users\cocou\.pl
atformio\platforms\raspber
rypi@src-ff76a3915224135aa
fad379817f41edd\platform.p
y", line 141, in 
configure_default_packages
    self.packages[openocd_
pkg]["version"] = Raspberr
ypiPlatform.earle_openocd[
sys_type]
                          
                  ~~~~~~~~
~~~~~~~~~~~~~~~~~~~~~~~~~^
^^^^^^^^^
KeyError: 'windows_arm64'

==========================
==========================
========

An unexpected error 
occurred. Further steps:

* Verify that you have 
the latest version of 
PlatformIO using
  `python -m pip install 
-U platformio` command

* Try to find answer in 
FAQ Troubleshooting 
section
  https://docs.platformio.
org/page/faq/index.html

* Report this problem to 
the developers
  https://github.com/platf
ormio/platformio-core/issu
es

==========================
==========================
========

