Processing view_rp2350b (platform: https://github.com/maxgerhardt/platform-raspberrypi.git; board: rpipico2; framework: arduino)
--------------------------------------------------------------------------------
Tool Manager: Installing https://github.com/earlephilhower/pico-quick-toolchain/releases/download/4.1.0/x86_64-w64-mingw32.arm-none-eabi-1aec55e.250530.zip
Unpacking 0% 10% 20% 30% 40% 50% 60% 70% 80% 90% 100%
Tool Manager: toolchain-rp2040-earlephilhower@5.140200.250530 has been installed!
Tool Manager: Installing https://github.com/earlephilhower/pico-quick-toolchain/releases/download/4.1.0/x86_64-w64-mingw32.picotool-c56c005.250530.zip
Unpacking 0% 10% 20% 30% 40% 50% 60%
Tool Manager: tool-picotool-rp2040-earlephilhower@5.140200.250530 has been installed!
Tool Manager: Installing https://github.com/earlephilhower/pico-quick-toolchain/releases/download/4.1.0/x86_64-w64-mingw32.pioasm-9fdfe11.250530.zip
Unpacking 0% 10% 20% 30% 40%
Tool Manager: tool-pioasm-rp2040-earlephilhower@5.140200.250530 has been installed!
Verbose mode can be enabled via `-v, --verbose` option
CONFIGURATION: https://docs.platformio.org/page/boards/raspberrypi/rpipico2.html
PLATFORM: Raspberry Pi RP2040 (1.19.0+sha.79ce473) > Pico 2
HARDWARE: RP2350 150MHz, 512KB RAM, 4MB Flash
DEBUG: Current (blackmagic) External (blackmagic, cmsis-dap, jlink, picoprobe, raspberrypi-swd)
PACKAGES: 
 - framework-arduinopico @ 1.50501.0+sha.275e73d
Flash size: 4.00MB
Sketch size: 4.00MB
Filesystem size: 0.00MB
PSRAM size: 0.00MB
Maximium Sketch size: 4190208 EEPROM start: 0x103ff000 Filesystem start: 0x103ff000 Filesystem end: 0x103ff000
LDF: Library Dependency Finder -> https://bit.ly/configure-pio-ldf
LDF Modes: Finder ~ chain, Compatibility ~ soft
[nanopb] Installing Protocol Buffers dependencies
Requirement already satisfied: protobuf>=3.19.1 in C:\Users\cocou\.platformio\penv\Lib\site-packages (6.33.6)
[nanopb] No generation needed.
Found 83 compatible libraries
Scanning dependencies...
Dependency Graph
|-- AceButton @ 1.9.1
|-- PacketSerial @ 1.4.0
|-- Nanopb @ 0.4.7
|-- Simple FOC @ 2.2.0
|-- TFT_eSPI @ 2.4.25
|-- HX711 @ 0.7.5
|-- Adafruit VEML7700 Library @ 1.1.1
|-- LittleFS @ 0.1.0
Building in release mode
Compiling .pio\build\view_rp2350b\FrameworkArduinoBootloader\none.S.o
C:\Users\cocou\.platformio\penv\Scripts\pio.exe : 
'arm-none-eabi-gcc' is not recognized as an internal or 
external command,
At line:1 char:1
+ C:\Users\cocou\.platformio\penv\Scripts\pio.exe run -c 
platformio_rp2 ...
+ ~~~~~~~~~~~~~~~~~~~~~~~~~~~~~~~~~~~~~~~~~~~~~~~~~~~~~~~~~~~
~~~~~~~~~~
    + CategoryInfo          : NotSpecified: ('arm-none-eabi- 
   ...ternal command,:String) [], RemoteException
    + FullyQualifiedErrorId : NativeCommandError
 
operable program or batch file.
Compiling .pio\build\view_rp2350b\libb23\Adafruit_TinyUSB_Arduino\arduino\Adafruit_TinyUSB_API.cpp.o
*** [.pio\build\view_rp2350b\FrameworkArduinoBootloader\none.
S.o] Error 1
'arm-none-eabi-g++' is not recognized as an internal or 
external command,
operable program or batch file.
*** [.pio\build\view_rp2350b\libb23\Adafruit_TinyUSB_Arduino\
arduino\Adafruit_TinyUSB_API.cpp.o] Error 1
========================== [FAILED] Took 7.76 seconds 
==========================
