Processing view_rp2350b (platform: https://github.com/maxgerhardt/platform-raspberrypi.git; board: rpipico2; framework: arduino)
--------------------------------------------------------------------------------
Tool Manager: Installing https://github.com/earlephilhower/pico-quick-toolchain/releases/download/4.1.0/x86_64-w64-mingw32.arm-none-eabi-1aec55e.250530.zip
Unpacking 0% 10% 20% 30% 40% 50% 60% 70% 80% 90% 100%
Tool Manager: toolchain-rp2040-earlephilhower@5.140200.250530 has been installed!
Tool Manager: Installing https://github.com/earlephilhower/pico-quick-toolchain/releases/download/4.1.0/x86_64-w64-mingw32.picotool-c56c005.250530.zip
Unpacking 0% 10% 20% 30% 40% 50% 60%
Tool Manager: tool-picotool-rp2040-earlephilhower@5.140200.250530 has been installed!
Tool Manager: Installing https://github.com/earlephilhower/pico-quick-toolchain/releases/download/4.1.0/x86_64-w64-mingw32.pioasm-9fdfe11.250530.zip
Unpacking 0% 10% 20% 30% 40%
Tool Manager: tool-pioasm-rp2040-earlephilhower@5.140200.250530 has been installed!
Verbose mode can be enabled via `-v, --verbose` option
CONFIGURATION: https://docs.platformio.org/page/boards/raspberrypi/rpipico2.html
PLATFORM: Raspberry Pi RP2040 (1.19.0+sha.79ce473) > Pico 2
HARDWARE: RP2350 150MHz, 512KB RAM, 4MB Flash
DEBUG: Current (blackmagic) External (blackmagic, cmsis-dap, jlink, picoprobe, raspberrypi-swd)
PACKAGES: 
 - framework-arduinopico @ 1.50501.0+sha.275e73d
C:\Users\cocou\.platformio\penv\Scripts\pio.exe : TypeError: 
argument should be a str or an os.PathLike object where 
__fspath__ returns a str, not 'NoneType':
At line:1 char:1
+ C:\Users\cocou\.platformio\penv\Scripts\pio.exe run -c 
platformio_rp2 ...
+ ~~~~~~~~~~~~~~~~~~~~~~~~~~~~~~~~~~~~~~~~~~~~~~~~~~~~~~~~~~~
~~~~~~~~~~
    + CategoryInfo          : NotSpecified: (TypeError: argu 
   ...not 'NoneType'::String) [], RemoteException
    + FullyQualifiedErrorId : NativeCommandError
 
  File "C:\Users\cocou\.platformio\penv\Lib\site-packages\pla
tformio\builder\main.py", line 173:
    env.SConscript("$BUILD_SCRIPT")
  File "C:\Users\cocou\.platformio\packages\tool-scons\scons-
local-4.8.1\SCons\Script\SConscript.py", line 620:
    return _SConscript(self.fs, *files, **subst_kw)
  File "C:\Users\cocou\.platformio\packages\tool-scons\scons-
local-4.8.1\SCons\Script\SConscript.py", line 280:
    exec(compile(scriptdata, scriptname, 'exec'), 
call_stack[-1].globals)
  File "C:\Users\cocou\.platformio\platforms\raspberrypi@src-
ff76a3915224135aafad379817f41edd\builder\main.py", line 404:
    target_elf = env.BuildProgram()
  File "C:\Users\cocou\.platformio\packages\tool-scons\scons-
local-4.8.1\SCons\Util\envs.py", line 252:
    return self.method(*nargs, **kwargs)
  File "C:\Users\cocou\.platformio\penv\Lib\site-packages\pla
tformio\builder\tools\piobuild.py", line 61:
    env.ProcessProgramDeps()
  File "C:\Users\cocou\.platformio\packages\tool-scons\scons-
local-4.8.1\SCons\Util\envs.py", line 252:
    return self.method(*nargs, **kwargs)
  File "C:\Users\cocou\.platformio\penv\Lib\site-packages\pla
tformio\builder\tools\piobuild.py", line 122:
    env.BuildFrameworks(env.get("PIOFRAMEWORK"))
  File "C:\Users\cocou\.platformio\packages\tool-scons\scons-
local-4.8.1\SCons\Util\envs.py", line 252:
    return self.method(*nargs, **kwargs)
  File "C:\Users\cocou\.platformio\penv\Lib\site-packages\pla
tformio\builder\tools\piobuild.py", line 353:
    SConscript(env.GetFrameworkScript(name), exports="env")
  File "C:\Users\cocou\.platformio\packages\tool-scons\scons-
local-4.8.1\SCons\Script\SConscript.py", line 684:
    return method(*args, **kw)
  File "C:\Users\cocou\.platformio\packages\tool-scons\scons-
local-4.8.1\SCons\Script\SConscript.py", line 620:
    return _SConscript(self.fs, *files, **subst_kw)
  File "C:\Users\cocou\.platformio\packages\tool-scons\scons-
local-4.8.1\SCons\Script\SConscript.py", line 280:
    exec(compile(scriptdata, scriptname, 'exec'), 
call_stack[-1].globals)
  File "C:\Users\cocou\.platformio\platforms\raspberrypi@src-
ff76a3915224135aafad379817f41edd\builder\frameworks\arduino\a
rduino.py", line 31:
    env.SConscript("../_build_pioasm.py")
  File "C:\Users\cocou\.platformio\packages\tool-scons\scons-
local-4.8.1\SCons\Script\SConscript.py", line 620:
    return _SConscript(self.fs, *files, **subst_kw)
  File "C:\Users\cocou\.platformio\packages\tool-scons\scons-
local-4.8.1\SCons\Script\SConscript.py", line 280:
    exec(compile(scriptdata, scriptname, 'exec'), 
call_stack[-1].globals)
  File "C:\Users\cocou\.platformio\platforms\raspberrypi@src-
ff76a3915224135aafad379817f41edd\builder\frameworks\_build_pi
oasm.py", line 14:
    pioasm_exe = Path(pioasm_dir) / ("pioasm.exe" if 
system() == "Windows" else "pioasm")
  File "C:\Users\cocou\AppData\Local\Python\pythoncore-3.14-6
4\Lib\pathlib\__init__.py", line 150:
    raise TypeError(
========================== [FAILED] Took 4.18 seconds 
==========================
